<?xml version="1.0" encoding="UTF-8"?>
<!-- Generated by org.testng.reporters.JUnitReportReporter -->
<testsuite hostname="BinhLe.local" failures="0" tests="1" name="src.tests.authen.LoginTest" time="25.596" errors="0" timestamp="2022-11-27T10:11:58 ICT" skipped="0">
  <testcase classname="src.tests.authen.LoginTest" name="testLogin" time="25.596"/>
  <system-out/>
</testsuite> <!-- src.tests.authen.LoginTest -->
